  ProyectoFinal_Eq06_Gp03.cpp
C:\Users\maure\OneDrive\Documentos\GitHub\Proyecto_Zoologico_CGIHC_Gpo3_Equipo6\ProyectoFinal\modelAnim.h(104,44): warning C4244: '=': conversión de 'double' a 'float'; posible pérdida de datos
C:\Users\maure\OneDrive\Documentos\GitHub\Proyecto_Zoologico_CGIHC_Gpo3_Equipo6\ProyectoFinal\modelAnim.h(519,24): warning C4244: 'inicializando': conversión de 'double' a 'float'; posible pérdida de datos
C:\Users\maure\OneDrive\Documentos\GitHub\Proyecto_Zoologico_CGIHC_Gpo3_Equipo6\ProyectoFinal\ProyectoFinal_Eq06_Gp03.cpp(705,24): warning C4244: 'inicializando': conversión de 'double' a 'GLfloat'; posible pérdida de datos
C:\Users\maure\OneDrive\Documentos\GitHub\Proyecto_Zoologico_CGIHC_Gpo3_Equipo6\ProyectoFinal\ProyectoFinal_Eq06_Gp03.cpp(1177,37): warning C4305: '=': truncamiento de 'double' a 'float'
C:\Users\maure\OneDrive\Documentos\GitHub\Proyecto_Zoologico_CGIHC_Gpo3_Equipo6\ProyectoFinal\ProyectoFinal_Eq06_Gp03.cpp(1178,37): warning C4305: '=': truncamiento de 'double' a 'float'
C:\Users\maure\OneDrive\Documentos\GitHub\Proyecto_Zoologico_CGIHC_Gpo3_Equipo6\ProyectoFinal\ProyectoFinal_Eq06_Gp03.cpp(1179,37): warning C4305: '=': truncamiento de 'double' a 'float'
C:\Users\maure\OneDrive\Documentos\GitHub\Proyecto_Zoologico_CGIHC_Gpo3_Equipo6\ProyectoFinal\ProyectoFinal_Eq06_Gp03.cpp(1181,36): warning C4305: '=': truncamiento de 'double' a 'float'
C:\Users\maure\OneDrive\Documentos\GitHub\Proyecto_Zoologico_CGIHC_Gpo3_Equipo6\ProyectoFinal\ProyectoFinal_Eq06_Gp03.cpp(1182,36): warning C4305: '=': truncamiento de 'double' a 'float'
C:\Users\maure\OneDrive\Documentos\GitHub\Proyecto_Zoologico_CGIHC_Gpo3_Equipo6\ProyectoFinal\ProyectoFinal_Eq06_Gp03.cpp(1183,36): warning C4305: '=': truncamiento de 'double' a 'float'
C:\Users\maure\OneDrive\Documentos\GitHub\Proyecto_Zoologico_CGIHC_Gpo3_Equipo6\ProyectoFinal\ProyectoFinal_Eq06_Gp03.cpp(1189,37): warning C4305: '=': truncamiento de 'double' a 'float'
C:\Users\maure\OneDrive\Documentos\GitHub\Proyecto_Zoologico_CGIHC_Gpo3_Equipo6\ProyectoFinal\ProyectoFinal_Eq06_Gp03.cpp(1190,37): warning C4305: '=': truncamiento de 'double' a 'float'
C:\Users\maure\OneDrive\Documentos\GitHub\Proyecto_Zoologico_CGIHC_Gpo3_Equipo6\ProyectoFinal\ProyectoFinal_Eq06_Gp03.cpp(1191,37): warning C4305: '=': truncamiento de 'double' a 'float'
C:\Users\maure\OneDrive\Documentos\GitHub\Proyecto_Zoologico_CGIHC_Gpo3_Equipo6\ProyectoFinal\ProyectoFinal_Eq06_Gp03.cpp(1193,36): warning C4305: '=': truncamiento de 'double' a 'float'
C:\Users\maure\OneDrive\Documentos\GitHub\Proyecto_Zoologico_CGIHC_Gpo3_Equipo6\ProyectoFinal\ProyectoFinal_Eq06_Gp03.cpp(1194,36): warning C4305: '=': truncamiento de 'double' a 'float'
C:\Users\maure\OneDrive\Documentos\GitHub\Proyecto_Zoologico_CGIHC_Gpo3_Equipo6\ProyectoFinal\ProyectoFinal_Eq06_Gp03.cpp(1195,36): warning C4305: '=': truncamiento de 'double' a 'float'
C:\Users\maure\OneDrive\Documentos\GitHub\Proyecto_Zoologico_CGIHC_Gpo3_Equipo6\ProyectoFinal\ProyectoFinal_Eq06_Gp03.cpp(1201,38): warning C4305: '=': truncamiento de 'double' a 'float'
C:\Users\maure\OneDrive\Documentos\GitHub\Proyecto_Zoologico_CGIHC_Gpo3_Equipo6\ProyectoFinal\ProyectoFinal_Eq06_Gp03.cpp(1202,38): warning C4305: '=': truncamiento de 'double' a 'float'
C:\Users\maure\OneDrive\Documentos\GitHub\Proyecto_Zoologico_CGIHC_Gpo3_Equipo6\ProyectoFinal\ProyectoFinal_Eq06_Gp03.cpp(1203,38): warning C4305: '=': truncamiento de 'double' a 'float'
C:\Users\maure\OneDrive\Documentos\GitHub\Proyecto_Zoologico_CGIHC_Gpo3_Equipo6\ProyectoFinal\ProyectoFinal_Eq06_Gp03.cpp(1205,37): warning C4305: '=': truncamiento de 'double' a 'float'
C:\Users\maure\OneDrive\Documentos\GitHub\Proyecto_Zoologico_CGIHC_Gpo3_Equipo6\ProyectoFinal\ProyectoFinal_Eq06_Gp03.cpp(1206,37): warning C4305: '=': truncamiento de 'double' a 'float'
C:\Users\maure\OneDrive\Documentos\GitHub\Proyecto_Zoologico_CGIHC_Gpo3_Equipo6\ProyectoFinal\ProyectoFinal_Eq06_Gp03.cpp(1207,37): warning C4305: '=': truncamiento de 'double' a 'float'
C:\Users\maure\OneDrive\Documentos\GitHub\Proyecto_Zoologico_CGIHC_Gpo3_Equipo6\ProyectoFinal\ProyectoFinal_Eq06_Gp03.cpp(1214,38): warning C4305: '=': truncamiento de 'double' a 'float'
C:\Users\maure\OneDrive\Documentos\GitHub\Proyecto_Zoologico_CGIHC_Gpo3_Equipo6\ProyectoFinal\ProyectoFinal_Eq06_Gp03.cpp(1215,38): warning C4305: '=': truncamiento de 'double' a 'float'
C:\Users\maure\OneDrive\Documentos\GitHub\Proyecto_Zoologico_CGIHC_Gpo3_Equipo6\ProyectoFinal\ProyectoFinal_Eq06_Gp03.cpp(1216,38): warning C4305: '=': truncamiento de 'double' a 'float'
C:\Users\maure\OneDrive\Documentos\GitHub\Proyecto_Zoologico_CGIHC_Gpo3_Equipo6\ProyectoFinal\ProyectoFinal_Eq06_Gp03.cpp(1218,37): warning C4305: '=': truncamiento de 'double' a 'float'
C:\Users\maure\OneDrive\Documentos\GitHub\Proyecto_Zoologico_CGIHC_Gpo3_Equipo6\ProyectoFinal\ProyectoFinal_Eq06_Gp03.cpp(1219,37): warning C4305: '=': truncamiento de 'double' a 'float'
C:\Users\maure\OneDrive\Documentos\GitHub\Proyecto_Zoologico_CGIHC_Gpo3_Equipo6\ProyectoFinal\ProyectoFinal_Eq06_Gp03.cpp(1220,37): warning C4305: '=': truncamiento de 'double' a 'float'
C:\Users\maure\OneDrive\Documentos\GitHub\Proyecto_Zoologico_CGIHC_Gpo3_Equipo6\ProyectoFinal\ProyectoFinal_Eq06_Gp03.cpp(1227,36): warning C4305: '=': truncamiento de 'double' a 'float'
C:\Users\maure\OneDrive\Documentos\GitHub\Proyecto_Zoologico_CGIHC_Gpo3_Equipo6\ProyectoFinal\ProyectoFinal_Eq06_Gp03.cpp(1228,36): warning C4305: '=': truncamiento de 'double' a 'float'
C:\Users\maure\OneDrive\Documentos\GitHub\Proyecto_Zoologico_CGIHC_Gpo3_Equipo6\ProyectoFinal\ProyectoFinal_Eq06_Gp03.cpp(1229,36): warning C4305: '=': truncamiento de 'double' a 'float'
C:\Users\maure\OneDrive\Documentos\GitHub\Proyecto_Zoologico_CGIHC_Gpo3_Equipo6\ProyectoFinal\ProyectoFinal_Eq06_Gp03.cpp(1231,35): warning C4305: '=': truncamiento de 'double' a 'float'
C:\Users\maure\OneDrive\Documentos\GitHub\Proyecto_Zoologico_CGIHC_Gpo3_Equipo6\ProyectoFinal\ProyectoFinal_Eq06_Gp03.cpp(1232,35): warning C4305: '=': truncamiento de 'double' a 'float'
C:\Users\maure\OneDrive\Documentos\GitHub\Proyecto_Zoologico_CGIHC_Gpo3_Equipo6\ProyectoFinal\ProyectoFinal_Eq06_Gp03.cpp(1233,35): warning C4305: '=': truncamiento de 'double' a 'float'
C:\Users\maure\OneDrive\Documentos\GitHub\Proyecto_Zoologico_CGIHC_Gpo3_Equipo6\ProyectoFinal\ProyectoFinal_Eq06_Gp03.cpp(1320,35): warning C4305: '=': truncamiento de 'double' a 'float'
C:\Users\maure\OneDrive\Documentos\GitHub\Proyecto_Zoologico_CGIHC_Gpo3_Equipo6\ProyectoFinal\ProyectoFinal_Eq06_Gp03.cpp(1321,34): warning C4305: '=': truncamiento de 'double' a 'float'
C:\Users\maure\OneDrive\Documentos\GitHub\Proyecto_Zoologico_CGIHC_Gpo3_Equipo6\ProyectoFinal\ProyectoFinal_Eq06_Gp03.cpp(1324,35): warning C4305: '=': truncamiento de 'double' a 'float'
C:\Users\maure\OneDrive\Documentos\GitHub\Proyecto_Zoologico_CGIHC_Gpo3_Equipo6\ProyectoFinal\ProyectoFinal_Eq06_Gp03.cpp(1325,34): warning C4305: '=': truncamiento de 'double' a 'float'
C:\Users\maure\OneDrive\Documentos\GitHub\Proyecto_Zoologico_CGIHC_Gpo3_Equipo6\ProyectoFinal\ProyectoFinal_Eq06_Gp03.cpp(1326,34): warning C4305: '=': truncamiento de 'double' a 'float'
C:\Users\maure\OneDrive\Documentos\GitHub\Proyecto_Zoologico_CGIHC_Gpo3_Equipo6\ProyectoFinal\ProyectoFinal_Eq06_Gp03.cpp(1327,35): warning C4305: '=': truncamiento de 'double' a 'float'
C:\Users\maure\OneDrive\Documentos\GitHub\Proyecto_Zoologico_CGIHC_Gpo3_Equipo6\ProyectoFinal\ProyectoFinal_Eq06_Gp03.cpp(1329,35): warning C4305: '=': truncamiento de 'double' a 'float'
C:\Users\maure\OneDrive\Documentos\GitHub\Proyecto_Zoologico_CGIHC_Gpo3_Equipo6\ProyectoFinal\ProyectoFinal_Eq06_Gp03.cpp(1330,34): warning C4305: '=': truncamiento de 'double' a 'float'
C:\Users\maure\OneDrive\Documentos\GitHub\Proyecto_Zoologico_CGIHC_Gpo3_Equipo6\ProyectoFinal\ProyectoFinal_Eq06_Gp03.cpp(1331,34): warning C4305: '=': truncamiento de 'double' a 'float'
C:\Users\maure\OneDrive\Documentos\GitHub\Proyecto_Zoologico_CGIHC_Gpo3_Equipo6\ProyectoFinal\ProyectoFinal_Eq06_Gp03.cpp(1332,34): warning C4305: '=': truncamiento de 'double' a 'float'
C:\Users\maure\OneDrive\Documentos\GitHub\Proyecto_Zoologico_CGIHC_Gpo3_Equipo6\ProyectoFinal\ProyectoFinal_Eq06_Gp03.cpp(1368,26): warning C4244: '=': conversión de 'double' a 'float'; posible pérdida de datos
C:\Users\maure\OneDrive\Documentos\GitHub\Proyecto_Zoologico_CGIHC_Gpo3_Equipo6\ProyectoFinal\ProyectoFinal_Eq06_Gp03.cpp(1650,11): warning C4244: '=': conversión de 'double' a 'GLfloat'; posible pérdida de datos
C:\Users\maure\OneDrive\Documentos\GitHub\Proyecto_Zoologico_CGIHC_Gpo3_Equipo6\ProyectoFinal\ProyectoFinal_Eq06_Gp03.cpp(1651,11): warning C4244: '=': conversión de 'double' a 'GLfloat'; posible pérdida de datos
C:\Users\maure\OneDrive\Documentos\GitHub\Proyecto_Zoologico_CGIHC_Gpo3_Equipo6\ProyectoFinal\ProyectoFinal_Eq06_Gp03.cpp(1655,18): warning C4244: 'inicializando': conversión de 'double' a 'GLfloat'; posible pérdida de datos
C:\Users\maure\OneDrive\Documentos\GitHub\Proyecto_Zoologico_CGIHC_Gpo3_Equipo6\ProyectoFinal\ProyectoFinal_Eq06_Gp03.cpp(1656,18): warning C4244: 'inicializando': conversión de 'double' a 'GLfloat'; posible pérdida de datos
C:\Users\maure\OneDrive\Documentos\GitHub\Proyecto_Zoologico_CGIHC_Gpo3_Equipo6\ProyectoFinal\ProyectoFinal_Eq06_Gp03.cpp(1658,10): warning C4244: '=': conversión de 'double' a 'GLfloat'; posible pérdida de datos
C:\Users\maure\OneDrive\Documentos\GitHub\Proyecto_Zoologico_CGIHC_Gpo3_Equipo6\ProyectoFinal\ProyectoFinal_Eq06_Gp03.cpp(1659,10): warning C4244: '=': conversión de 'double' a 'GLfloat'; posible pérdida de datos
C:\Users\maure\OneDrive\Documentos\GitHub\Proyecto_Zoologico_CGIHC_Gpo3_Equipo6\ProyectoFinal\ProyectoFinal_Eq06_Gp03.cpp(1689,20): warning C4305: '+=': truncamiento de 'double' a 'float'
C:\Users\maure\OneDrive\Documentos\GitHub\Proyecto_Zoologico_CGIHC_Gpo3_Equipo6\ProyectoFinal\ProyectoFinal_Eq06_Gp03.cpp(1696,19): warning C4305: '+=': truncamiento de 'double' a 'float'
C:\Users\maure\OneDrive\Documentos\GitHub\Proyecto_Zoologico_CGIHC_Gpo3_Equipo6\ProyectoFinal\ProyectoFinal_Eq06_Gp03.cpp(1698,20): warning C4305: '+=': truncamiento de 'double' a 'float'
C:\Users\maure\OneDrive\Documentos\GitHub\Proyecto_Zoologico_CGIHC_Gpo3_Equipo6\ProyectoFinal\ProyectoFinal_Eq06_Gp03.cpp(1699,20): warning C4305: '+=': truncamiento de 'double' a 'float'
C:\Users\maure\OneDrive\Documentos\GitHub\Proyecto_Zoologico_CGIHC_Gpo3_Equipo6\ProyectoFinal\ProyectoFinal_Eq06_Gp03.cpp(1705,20): warning C4305: '-=': truncamiento de 'double' a 'float'
C:\Users\maure\OneDrive\Documentos\GitHub\Proyecto_Zoologico_CGIHC_Gpo3_Equipo6\ProyectoFinal\ProyectoFinal_Eq06_Gp03.cpp(1706,20): warning C4305: '-=': truncamiento de 'double' a 'float'
C:\Users\maure\OneDrive\Documentos\GitHub\Proyecto_Zoologico_CGIHC_Gpo3_Equipo6\ProyectoFinal\ProyectoFinal_Eq06_Gp03.cpp(1727,21): warning C4305: '+=': truncamiento de 'double' a 'float'
C:\Users\maure\OneDrive\Documentos\GitHub\Proyecto_Zoologico_CGIHC_Gpo3_Equipo6\ProyectoFinal\ProyectoFinal_Eq06_Gp03.cpp(1728,22): warning C4305: '+=': truncamiento de 'double' a 'float'
C:\Users\maure\OneDrive\Documentos\GitHub\Proyecto_Zoologico_CGIHC_Gpo3_Equipo6\ProyectoFinal\ProyectoFinal_Eq06_Gp03.cpp(1729,22): warning C4305: '+=': truncamiento de 'double' a 'float'
C:\Users\maure\OneDrive\Documentos\GitHub\Proyecto_Zoologico_CGIHC_Gpo3_Equipo6\ProyectoFinal\ProyectoFinal_Eq06_Gp03.cpp(1745,24): warning C4305: '+=': truncamiento de 'double' a 'float'
C:\Users\maure\OneDrive\Documentos\GitHub\Proyecto_Zoologico_CGIHC_Gpo3_Equipo6\ProyectoFinal\ProyectoFinal_Eq06_Gp03.cpp(1746,27): warning C4305: '+=': truncamiento de 'double' a 'float'
C:\Users\maure\OneDrive\Documentos\GitHub\Proyecto_Zoologico_CGIHC_Gpo3_Equipo6\ProyectoFinal\ProyectoFinal_Eq06_Gp03.cpp(1747,26): warning C4305: '+=': truncamiento de 'double' a 'float'
C:\Users\maure\OneDrive\Documentos\GitHub\Proyecto_Zoologico_CGIHC_Gpo3_Equipo6\ProyectoFinal\ProyectoFinal_Eq06_Gp03.cpp(1748,25): warning C4305: '+=': truncamiento de 'double' a 'float'
C:\Users\maure\OneDrive\Documentos\GitHub\Proyecto_Zoologico_CGIHC_Gpo3_Equipo6\ProyectoFinal\ProyectoFinal_Eq06_Gp03.cpp(1796,22): warning C4305: '+=': truncamiento de 'double' a 'float'
C:\Users\maure\OneDrive\Documentos\GitHub\Proyecto_Zoologico_CGIHC_Gpo3_Equipo6\ProyectoFinal\ProyectoFinal_Eq06_Gp03.cpp(1799,21): warning C4305: '+=': truncamiento de 'double' a 'float'
C:\Users\maure\OneDrive\Documentos\GitHub\Proyecto_Zoologico_CGIHC_Gpo3_Equipo6\ProyectoFinal\ProyectoFinal_Eq06_Gp03.cpp(1800,21): warning C4305: '+=': truncamiento de 'double' a 'float'
C:\Users\maure\OneDrive\Documentos\GitHub\Proyecto_Zoologico_CGIHC_Gpo3_Equipo6\ProyectoFinal\ProyectoFinal_Eq06_Gp03.cpp(1806,21): warning C4305: '-=': truncamiento de 'double' a 'float'
C:\Users\maure\OneDrive\Documentos\GitHub\Proyecto_Zoologico_CGIHC_Gpo3_Equipo6\ProyectoFinal\ProyectoFinal_Eq06_Gp03.cpp(1807,21): warning C4305: '-=': truncamiento de 'double' a 'float'
C:\Users\maure\OneDrive\Documentos\GitHub\Proyecto_Zoologico_CGIHC_Gpo3_Equipo6\ProyectoFinal\ProyectoFinal_Eq06_Gp03.cpp(1814,20): warning C4305: '+=': truncamiento de 'double' a 'float'
C:\Users\maure\OneDrive\Documentos\GitHub\Proyecto_Zoologico_CGIHC_Gpo3_Equipo6\ProyectoFinal\ProyectoFinal_Eq06_Gp03.cpp(1815,19): warning C4305: '-=': truncamiento de 'double' a 'float'
C:\Users\maure\OneDrive\Documentos\GitHub\Proyecto_Zoologico_CGIHC_Gpo3_Equipo6\ProyectoFinal\ProyectoFinal_Eq06_Gp03.cpp(1816,20): warning C4305: '-=': truncamiento de 'double' a 'float'
C:\Users\maure\OneDrive\Documentos\GitHub\Proyecto_Zoologico_CGIHC_Gpo3_Equipo6\ProyectoFinal\ProyectoFinal_Eq06_Gp03.cpp(1833,22): warning C4305: '-=': truncamiento de 'double' a 'float'
C:\Users\maure\OneDrive\Documentos\GitHub\Proyecto_Zoologico_CGIHC_Gpo3_Equipo6\ProyectoFinal\ProyectoFinal_Eq06_Gp03.cpp(1835,21): warning C4305: '+=': truncamiento de 'double' a 'float'
C:\Users\maure\OneDrive\Documentos\GitHub\Proyecto_Zoologico_CGIHC_Gpo3_Equipo6\ProyectoFinal\ProyectoFinal_Eq06_Gp03.cpp(1836,21): warning C4305: '+=': truncamiento de 'double' a 'float'
C:\Users\maure\OneDrive\Documentos\GitHub\Proyecto_Zoologico_CGIHC_Gpo3_Equipo6\ProyectoFinal\ProyectoFinal_Eq06_Gp03.cpp(1842,21): warning C4305: '-=': truncamiento de 'double' a 'float'
C:\Users\maure\OneDrive\Documentos\GitHub\Proyecto_Zoologico_CGIHC_Gpo3_Equipo6\ProyectoFinal\ProyectoFinal_Eq06_Gp03.cpp(1843,21): warning C4305: '-=': truncamiento de 'double' a 'float'
C:\Users\maure\OneDrive\Documentos\GitHub\Proyecto_Zoologico_CGIHC_Gpo3_Equipo6\ProyectoFinal\ProyectoFinal_Eq06_Gp03.cpp(1853,23): warning C4305: '=': truncamiento de 'double' a 'float'
C:\Users\maure\OneDrive\Documentos\GitHub\Proyecto_Zoologico_CGIHC_Gpo3_Equipo6\ProyectoFinal\ProyectoFinal_Eq06_Gp03.cpp(1869,21): warning C4305: '-=': truncamiento de 'double' a 'float'
C:\Users\maure\OneDrive\Documentos\GitHub\Proyecto_Zoologico_CGIHC_Gpo3_Equipo6\ProyectoFinal\ProyectoFinal_Eq06_Gp03.cpp(1877,20): warning C4305: '-=': truncamiento de 'double' a 'float'
C:\Users\maure\OneDrive\Documentos\GitHub\Proyecto_Zoologico_CGIHC_Gpo3_Equipo6\ProyectoFinal\ProyectoFinal_Eq06_Gp03.cpp(1881,21): warning C4305: '-=': truncamiento de 'double' a 'float'
C:\Users\maure\OneDrive\Documentos\GitHub\Proyecto_Zoologico_CGIHC_Gpo3_Equipo6\ProyectoFinal\ProyectoFinal_Eq06_Gp03.cpp(1891,21): warning C4305: '+=': truncamiento de 'double' a 'float'
C:\Users\maure\OneDrive\Documentos\GitHub\Proyecto_Zoologico_CGIHC_Gpo3_Equipo6\ProyectoFinal\ProyectoFinal_Eq06_Gp03.cpp(1893,21): warning C4305: '+=': truncamiento de 'double' a 'float'
C:\Users\maure\OneDrive\Documentos\GitHub\Proyecto_Zoologico_CGIHC_Gpo3_Equipo6\ProyectoFinal\ProyectoFinal_Eq06_Gp03.cpp(1894,21): warning C4305: '+=': truncamiento de 'double' a 'float'
C:\Users\maure\OneDrive\Documentos\GitHub\Proyecto_Zoologico_CGIHC_Gpo3_Equipo6\ProyectoFinal\ProyectoFinal_Eq06_Gp03.cpp(1900,21): warning C4305: '-=': truncamiento de 'double' a 'float'
C:\Users\maure\OneDrive\Documentos\GitHub\Proyecto_Zoologico_CGIHC_Gpo3_Equipo6\ProyectoFinal\ProyectoFinal_Eq06_Gp03.cpp(1901,21): warning C4305: '-=': truncamiento de 'double' a 'float'
C:\Users\maure\OneDrive\Documentos\GitHub\Proyecto_Zoologico_CGIHC_Gpo3_Equipo6\ProyectoFinal\ProyectoFinal_Eq06_Gp03.cpp(1912,23): warning C4305: '+=': truncamiento de 'double' a 'float'
C:\Users\maure\OneDrive\Documentos\GitHub\Proyecto_Zoologico_CGIHC_Gpo3_Equipo6\ProyectoFinal\ProyectoFinal_Eq06_Gp03.cpp(1913,23): warning C4305: '-=': truncamiento de 'double' a 'float'
C:\Users\maure\OneDrive\Documentos\GitHub\Proyecto_Zoologico_CGIHC_Gpo3_Equipo6\ProyectoFinal\ProyectoFinal_Eq06_Gp03.cpp(1914,23): warning C4305: '=': truncamiento de 'double' a 'float'
C:\Users\maure\OneDrive\Documentos\GitHub\Proyecto_Zoologico_CGIHC_Gpo3_Equipo6\ProyectoFinal\ProyectoFinal_Eq06_Gp03.cpp(1916,23): warning C4305: '=': truncamiento de 'double' a 'float'
C:\Users\maure\OneDrive\Documentos\GitHub\Proyecto_Zoologico_CGIHC_Gpo3_Equipo6\ProyectoFinal\ProyectoFinal_Eq06_Gp03.cpp(1917,22): warning C4305: '=': truncamiento de 'double' a 'float'
C:\Users\maure\OneDrive\Documentos\GitHub\Proyecto_Zoologico_CGIHC_Gpo3_Equipo6\ProyectoFinal\ProyectoFinal_Eq06_Gp03.cpp(1919,23): warning C4305: '=': truncamiento de 'double' a 'float'
C:\Users\maure\OneDrive\Documentos\GitHub\Proyecto_Zoologico_CGIHC_Gpo3_Equipo6\ProyectoFinal\ProyectoFinal_Eq06_Gp03.cpp(1959,19): warning C4305: '+=': truncamiento de 'double' a 'float'
C:\Users\maure\OneDrive\Documentos\GitHub\Proyecto_Zoologico_CGIHC_Gpo3_Equipo6\ProyectoFinal\ProyectoFinal_Eq06_Gp03.cpp(1967,19): warning C4305: '-=': truncamiento de 'double' a 'float'
C:\Users\maure\OneDrive\Documentos\GitHub\Proyecto_Zoologico_CGIHC_Gpo3_Equipo6\ProyectoFinal\ProyectoFinal_Eq06_Gp03.cpp(1974,17): warning C4305: '+=': truncamiento de 'double' a 'float'
C:\Users\maure\OneDrive\Documentos\GitHub\Proyecto_Zoologico_CGIHC_Gpo3_Equipo6\ProyectoFinal\ProyectoFinal_Eq06_Gp03.cpp(1982,17): warning C4305: '-=': truncamiento de 'double' a 'float'
soil2-debug.lib(image_DXT.obj) : warning LNK4099: no se encontró PDB '' con 'soil2-debug.lib(image_DXT.obj)' o en ''; se vinculará el objeto sin tener en cuenta información de depuración
soil2-debug.lib(image_helper.obj) : warning LNK4099: no se encontró PDB '' con 'soil2-debug.lib(image_helper.obj)' o en ''; se vinculará el objeto sin tener en cuenta información de depuración
soil2-debug.lib(SOIL2.obj) : warning LNK4099: no se encontró PDB '' con 'soil2-debug.lib(SOIL2.obj)' o en ''; se vinculará el objeto sin tener en cuenta información de depuración
  ProyectoFinal.vcxproj -> C:\Users\maure\OneDrive\Documentos\GitHub\Proyecto_Zoologico_CGIHC_Gpo3_Equipo6\Debug\ProyectoFinal.exe
